<?xml version="1.0" encoding="UTF-8"?>
<!-- Generated by org.testng.reporters.JUnitXMLReporter -->
<testsuite ignored="2" hostname="DESKTOP-42IDNTL" failures="0" tests="4" name="GRP-regression" time="0.071" errors="0" timestamp="2021-05-17T11:02:41 IST">
  <testcase classname="test.GruopDemoTest" name="bTest3" time="0.006"/>
  <testcase classname="test.GruopDemoTest" name="aTest1" time="0.002"/>
  <testcase classname="test.GruopDemoTest" name="bTest2" time="0.001"/>
  <testcase classname="test.LoginTest" name="blogin" time="0.001"/>
  <testcase classname="test.LoginTest" name="alogout" time="0.0">
    <ignored/>
  </testcase> <!-- alogout -->
  <testcase classname="test.GruopDemoTest" name="bTest4" time="0.0">
    <ignored/>
  </testcase> <!-- bTest4 -->
</testsuite> <!-- GRP-regression -->
