<?xml version="1.0" encoding="UTF-8"?>
<!-- Generated by org.testng.reporters.JUnitXMLReporter -->
<testsuite ignored="2" hostname="DESKTOP-42IDNTL" failures="0" tests="2" name="GRP-bvt" time="0.074" errors="0" timestamp="2021-05-17T09:26:15 IST">
  <testcase classname="test.GruopDemoTest" name="bTest3" time="0.011"/>
  <testcase classname="test.GruopDemoTest" name="bTest4" time="0.004"/>
  <testcase classname="test.GruopDemoTest" name="bTest2" time="0.0">
    <ignored/>
  </testcase> <!-- bTest2 -->
  <testcase classname="test.GruopDemoTest" name="aTest1" time="0.0">
    <ignored/>
  </testcase> <!-- aTest1 -->
</testsuite> <!-- GRP-bvt -->
