<?xml version="1.0" encoding="UTF-8"?>
<!-- Generated by org.testng.reporters.JUnitXMLReporter -->
<testsuite ignored="0" hostname="DESKTOP-42IDNTL" failures="0" tests="4" name="GRP-User-resistration" time="0.075" errors="0" timestamp="2021-05-17T09:30:32 IST">
  <testcase classname="test.GruopDemoTest" name="bTest3" time="0.009"/>
  <testcase classname="test.GruopDemoTest" name="bTest4" time="0.003"/>
  <testcase classname="test.GruopDemoTest" name="aTest1" time="0.001"/>
  <testcase classname="test.GruopDemoTest" name="bTest2" time="0.002"/>
</testsuite> <!-- GRP-User-resistration -->
