<?xml version="1.0" encoding="UTF-8"?>
<!-- Generated by org.testng.reporters.JUnitXMLReporter -->
<testsuite ignored="0" hostname="DESKTOP-42IDNTL" failures="0" tests="4" name="Test before ansd after suite" time="0.074" errors="0" timestamp="2021-05-22T18:14:14 IST">
  <testcase classname="test.GruopDemoTest" name="bTest3" time="0.007"/>
  <testcase classname="test.GruopDemoTest" name="bTest4" time="0.003"/>
  <testcase classname="test.GruopDemoTest" name="aTest1" time="0.005"/>
  <testcase classname="test.GruopDemoTest" name="bTest2" time="0.003"/>
</testsuite> <!-- Test before ansd after suite -->
