<?xml version="1.0" encoding="UTF-8"?>
<!-- Generated by org.testng.reporters.JUnitXMLReporter -->
<testsuite ignored="0" hostname="DESKTOP-42IDNTL" failures="1" tests="5" name="Listener Testing" time="7.767" errors="0" timestamp="2021-06-03T18:51:33 IST">
  <testcase classname="test.listenerDemoTest" name="LaunchingApp" time="3.311">
    <skipped/>
  </testcase> <!-- LaunchingApp -->
  <testcase classname="test.listenerDemoTest" name="LaunchingApp" time="1.077">
    <skipped/>
  </testcase> <!-- LaunchingApp -->
  <testcase classname="test.listenerDemoTest" name="LaunchingApp" time="1.022">
    <skipped/>
  </testcase> <!-- LaunchingApp -->
  <testcase classname="test.listenerDemoTest" name="LaunchingApp" time="1.096">
    <skipped/>
  </testcase> <!-- LaunchingApp -->
  <testcase classname="test.listenerDemoTest" name="LaunchingApp" time="1.185">
    <failure type="java.lang.AssertionError" message="expected [true] but found [false]">
      <![CDATA[java.lang.AssertionError: expected [true] but found [false]
at test.listenerDemoTest.LaunchingApp(listenerDemoTest.java:15)
at java.base/java.util.ArrayList.forEach(ArrayList.java:1511)
... Removed 31 stack frames]]>
    </failure>
  </testcase> <!-- LaunchingApp -->
</testsuite> <!-- Listener Testing -->
